<!DOCTYPE html PUBLIC "-//W3C//DTD XHTML 1.1//EN" "https://www.w3.org/TR/xhtml11/DTD/xhtml11.dtd">
<html xmlns="https://www.w3.org/1999/xhtml">
<head>
<meta http-equiv="content-type" content="text/html; charset=UTF-8"/>
<title>TestNG Report</title>
<style type="text/css">table {margin-bottom:10px;border-collapse:collapse;empty-cells:show}th,td {border:1px solid #009;padding:.25em .5em}th {vertical-align:bottom}td {vertical-align:top}table a {font-weight:bold}.stripe td {background-color: #E6EBF9}.num {text-align:right}.passedodd td {background-color: #3F3}.passedeven td {background-color: #0A0}.skippedodd td {background-color: #DDD}.skippedeven td {background-color: #CCC}.failedodd td,.attn {background-color: #F33}.failedeven td,.stripe .attn {background-color: #D00}.stacktrace {white-space:pre;font-family:monospace}.totop {font-size:85%;text-align:center;border-bottom:2px solid #000}.invisible {display:none}</style>
</head>
<body>
<table>
<tr><th>Test</th><th># Passed</th><th># Skipped</th><th># Retried</th><th># Failed</th><th>Time (ms)</th><th>Included Groups</th><th>Excluded Groups</th></tr>
<tr><th colspan="8">SuiteMascopet</th></tr>
<tr><td><a href="#t0">TestMascopet</a></td><td class="num">0</td><td class="num attn">1</td><td class="num">0</td><td class="num">0</td><td class="num">7,907</td><td></td><td></td></tr>
</table>
<table id='summary'><thead><tr><th>Class</th><th>Method</th><th>Start</th><th>Time (ms)</th></tr></thead><tbody><tr><th colspan="4">SuiteMascopet</th></tr></tbody><tbody id="t0"><tr><th colspan="4">TestMascopet &#8212; failed (configuration methods)</th></tr><tr class="failedeven"><td rowspan="1">test.java.carritocompras.CC_Test</td><td><a href="#m0">beforeMethodMethod</a></td><td rowspan="1">1758025690618</td><td rowspan="1">5701</td></tr><tr><th colspan="4">TestMascopet &#8212; skipped (configuration methods)</th></tr><tr class="skippedeven"><td rowspan="1">test.java.carritocompras.CC_Test</td><td><a href="#m1">afterMethodMethod</a></td><td rowspan="1">1758025696358</td><td rowspan="1">-1758025696358</td></tr><tr><th colspan="4">TestMascopet &#8212; skipped</th></tr><tr class="skippedeven"><td rowspan="1">test.java.carritocompras.CC_Test</td><td><a href="#m2">CC_QA_AgregarProductosAlCarrito</a></td><td rowspan="1">1758025696352</td><td rowspan="1">0</td></tr></tbody>
</table>
<h2>TestMascopet</h2><h3 id="m0">test.java.carritocompras.CC_Test#beforeMethodMethod</h3><table class="result"><tr class="param"><th>Parameter #1</th><th>Parameter #2</th></tr><tr class="param stripe"><td>chrome</td><td>public void test.java.carritocompras.CC_Test.CC_QA_AgregarProductosAlCarrito(java.lang.String,java.lang.String,java.lang.String,java.lang.String,java.lang.String,java.lang.String,java.lang.String,java.lang.String,java.lang.String,java.lang.String,java.lang.String)</td></tr><tr><th colspan="2">Exception</th></tr><tr><td colspan="2"><div class="stacktrace">org.openqa.selenium.SessionNotCreatedException: session not created: This version of ChromeDriver only supports Chrome version 138
Current browser version is 140.0.7339.128 with binary path C:\Program Files\Google\Chrome\Application\chrome.exe
Build info: version: &apos;3.8.1&apos;, revision: &apos;6e95a6684b&apos;, time: &apos;2017-12-01T18:33:54.468Z&apos;
System info: host: &apos;DESKTOP-97H2JQF&apos;, ip: &apos;192.168.10.100&apos;, os.name: &apos;Windows 11&apos;, os.arch: &apos;amd64&apos;, os.version: &apos;10.0&apos;, java.version: &apos;21.0.6&apos;
Driver info: driver.version: ChromeDriver
remote stacktrace: 	GetHandleVerifier [0x0x7ff650a36f75+76917]
	GetHandleVerifier [0x0x7ff650a36fd0+77008]
	(No symbol) [0x0x7ff6507e9dea]
	(No symbol) [0x0x7ff65082e1df]
	(No symbol) [0x0x7ff65082d22b]
	(No symbol) [0x0x7ff650826e2a]
	(No symbol) [0x0x7ff650822675]
	(No symbol) [0x0x7ff650875e9e]
	(No symbol) [0x0x7ff650875630]
	(No symbol) [0x0x7ff650868243]
	(No symbol) [0x0x7ff650831431]
	(No symbol) [0x0x7ff6508321c3]
	GetHandleVerifier [0x0x7ff650d0d2ad+3051437]
	GetHandleVerifier [0x0x7ff650d07903+3028483]
	GetHandleVerifier [0x0x7ff650d2589d+3151261]
	GetHandleVerifier [0x0x7ff650a5183e+185662]
	GetHandleVerifier [0x0x7ff650a596ff+218111]
	GetHandleVerifier [0x0x7ff650a3faf4+112628]
	GetHandleVerifier [0x0x7ff650a3fca9+113065]
	GetHandleVerifier [0x0x7ff650a26c78+10616]
	BaseThreadInitThunk [0x0x7ffbdb25e8d7+23]
	RtlUserThreadStart [0x0x7ffbdc348d9c+44]

	at org.openqa.selenium.remote.W3CHandshakeResponse.lambda$new$0(W3CHandshakeResponse.java:57)
	at org.openqa.selenium.remote.W3CHandshakeResponse.lambda$getResponseFunction$2(W3CHandshakeResponse.java:104)
	at org.openqa.selenium.remote.ProtocolHandshake.lambda$createSession$0(ProtocolHandshake.java:123)
	at java.base/java.util.stream.ReferencePipeline$3$1.accept(ReferencePipeline.java:197)
	at java.base/java.util.Spliterators$ArraySpliterator.tryAdvance(Spliterators.java:1034)
	at java.base/java.util.stream.ReferencePipeline.forEachWithCancel(ReferencePipeline.java:129)
	at java.base/java.util.stream.AbstractPipeline.copyIntoWithCancel(AbstractPipeline.java:527)
	at java.base/java.util.stream.AbstractPipeline.copyInto(AbstractPipeline.java:513)
	at java.base/java.util.stream.AbstractPipeline.wrapAndCopyInto(AbstractPipeline.java:499)
	at java.base/java.util.stream.FindOps$FindOp.evaluateSequential(FindOps.java:150)
	at java.base/java.util.stream.AbstractPipeline.evaluate(AbstractPipeline.java:234)
	at java.base/java.util.stream.ReferencePipeline.findFirst(ReferencePipeline.java:647)
	at org.openqa.selenium.remote.ProtocolHandshake.createSession(ProtocolHandshake.java:126)
	at org.openqa.selenium.remote.ProtocolHandshake.createSession(ProtocolHandshake.java:73)
	at org.openqa.selenium.remote.HttpCommandExecutor.execute(HttpCommandExecutor.java:142)
	at org.openqa.selenium.remote.service.DriverCommandExecutor.execute(DriverCommandExecutor.java:83)
	at org.openqa.selenium.remote.RemoteWebDriver.execute(RemoteWebDriver.java:601)
	at org.openqa.selenium.remote.RemoteWebDriver.startSession(RemoteWebDriver.java:219)
	at org.openqa.selenium.remote.RemoteWebDriver.&lt;init&gt;(RemoteWebDriver.java:142)
	at org.openqa.selenium.chrome.ChromeDriver.&lt;init&gt;(ChromeDriver.java:181)
	at org.openqa.selenium.chrome.ChromeDriver.&lt;init&gt;(ChromeDriver.java:168)
	at org.openqa.selenium.chrome.ChromeDriver.&lt;init&gt;(ChromeDriver.java:157)
	at test.java.GG_BaseTest.setUpDriver(GG_BaseTest.java:154)
	at test.java.GG_BaseTest.beforeMethodMethod(GG_BaseTest.java:81)
	at java.base/java.util.ArrayList.forEach(ArrayList.java:1596)
... Removed 35 stack frames</div></td></tr></table><p class="totop"><a href="#summary">back to summary</a></p>
<h3 id="m1">test.java.carritocompras.CC_Test#afterMethodMethod</h3><table class="result"><tr><th class="invisible"/></tr></table><p class="totop"><a href="#summary">back to summary</a></p>
<h3 id="m2">test.java.carritocompras.CC_Test#CC_QA_AgregarProductosAlCarrito</h3><table class="result"><tr class="param"><th>Parameter #1</th><th>Parameter #2</th><th>Parameter #3</th><th>Parameter #4</th><th>Parameter #5</th><th>Parameter #6</th><th>Parameter #7</th><th>Parameter #8</th><th>Parameter #9</th><th>Parameter #10</th><th>Parameter #11</th></tr><tr class="param stripe"><td>Ba単o y Peinado</td><td>Ba単o y Corte</td><td>Corte de U単as</td><td>3</td><td>Daniela</td><td>2025-02-10</td><td>Profesional 2</td><td>Rocky</td><td>4</td><td>A単os</td><td>Poodle</td></tr><tr><th colspan="11">Exception</th></tr><tr><td colspan="11"><div class="stacktrace">org.openqa.selenium.SessionNotCreatedException: session not created: This version of ChromeDriver only supports Chrome version 138
Current browser version is 140.0.7339.128 with binary path C:\Program Files\Google\Chrome\Application\chrome.exe
Build info: version: &apos;3.8.1&apos;, revision: &apos;6e95a6684b&apos;, time: &apos;2017-12-01T18:33:54.468Z&apos;
System info: host: &apos;DESKTOP-97H2JQF&apos;, ip: &apos;192.168.10.100&apos;, os.name: &apos;Windows 11&apos;, os.arch: &apos;amd64&apos;, os.version: &apos;10.0&apos;, java.version: &apos;21.0.6&apos;
Driver info: driver.version: ChromeDriver
remote stacktrace: 	GetHandleVerifier [0x0x7ff650a36f75+76917]
	GetHandleVerifier [0x0x7ff650a36fd0+77008]
	(No symbol) [0x0x7ff6507e9dea]
	(No symbol) [0x0x7ff65082e1df]
	(No symbol) [0x0x7ff65082d22b]
	(No symbol) [0x0x7ff650826e2a]
	(No symbol) [0x0x7ff650822675]
	(No symbol) [0x0x7ff650875e9e]
	(No symbol) [0x0x7ff650875630]
	(No symbol) [0x0x7ff650868243]
	(No symbol) [0x0x7ff650831431]
	(No symbol) [0x0x7ff6508321c3]
	GetHandleVerifier [0x0x7ff650d0d2ad+3051437]
	GetHandleVerifier [0x0x7ff650d07903+3028483]
	GetHandleVerifier [0x0x7ff650d2589d+3151261]
	GetHandleVerifier [0x0x7ff650a5183e+185662]
	GetHandleVerifier [0x0x7ff650a596ff+218111]
	GetHandleVerifier [0x0x7ff650a3faf4+112628]
	GetHandleVerifier [0x0x7ff650a3fca9+113065]
	GetHandleVerifier [0x0x7ff650a26c78+10616]
	BaseThreadInitThunk [0x0x7ffbdb25e8d7+23]
	RtlUserThreadStart [0x0x7ffbdc348d9c+44]

	at org.openqa.selenium.remote.W3CHandshakeResponse.lambda$new$0(W3CHandshakeResponse.java:57)
	at org.openqa.selenium.remote.W3CHandshakeResponse.lambda$getResponseFunction$2(W3CHandshakeResponse.java:104)
	at org.openqa.selenium.remote.ProtocolHandshake.lambda$createSession$0(ProtocolHandshake.java:123)
	at java.base/java.util.stream.ReferencePipeline$3$1.accept(ReferencePipeline.java:197)
	at java.base/java.util.Spliterators$ArraySpliterator.tryAdvance(Spliterators.java:1034)
	at java.base/java.util.stream.ReferencePipeline.forEachWithCancel(ReferencePipeline.java:129)
	at java.base/java.util.stream.AbstractPipeline.copyIntoWithCancel(AbstractPipeline.java:527)
	at java.base/java.util.stream.AbstractPipeline.copyInto(AbstractPipeline.java:513)
	at java.base/java.util.stream.AbstractPipeline.wrapAndCopyInto(AbstractPipeline.java:499)
	at java.base/java.util.stream.FindOps$FindOp.evaluateSequential(FindOps.java:150)
	at java.base/java.util.stream.AbstractPipeline.evaluate(AbstractPipeline.java:234)
	at java.base/java.util.stream.ReferencePipeline.findFirst(ReferencePipeline.java:647)
	at org.openqa.selenium.remote.ProtocolHandshake.createSession(ProtocolHandshake.java:126)
	at org.openqa.selenium.remote.ProtocolHandshake.createSession(ProtocolHandshake.java:73)
	at org.openqa.selenium.remote.HttpCommandExecutor.execute(HttpCommandExecutor.java:142)
	at org.openqa.selenium.remote.service.DriverCommandExecutor.execute(DriverCommandExecutor.java:83)
	at org.openqa.selenium.remote.RemoteWebDriver.execute(RemoteWebDriver.java:601)
	at org.openqa.selenium.remote.RemoteWebDriver.startSession(RemoteWebDriver.java:219)
	at org.openqa.selenium.remote.RemoteWebDriver.&lt;init&gt;(RemoteWebDriver.java:142)
	at org.openqa.selenium.chrome.ChromeDriver.&lt;init&gt;(ChromeDriver.java:181)
	at org.openqa.selenium.chrome.ChromeDriver.&lt;init&gt;(ChromeDriver.java:168)
	at org.openqa.selenium.chrome.ChromeDriver.&lt;init&gt;(ChromeDriver.java:157)
	at test.java.GG_BaseTest.setUpDriver(GG_BaseTest.java:154)
	at test.java.GG_BaseTest.beforeMethodMethod(GG_BaseTest.java:81)
	at java.base/java.util.ArrayList.forEach(ArrayList.java:1596)
... Removed 35 stack frames</div></td></tr></table><p class="totop"><a href="#summary">back to summary</a></p>
</body>
</html>
