<?xml version="1.0" encoding="UTF-8"?>
<!-- Generated by org.testng.reporters.JUnitReportReporter -->
<testsuite hostname="DESKTOP-97H2JQF" failures="0" tests="2" name="test.java.carritocompras.CC_Test" time="5.701" errors="1" timestamp="2025-09-16T09:28:17 CLST" skipped="1">
  <testcase classname="test.java.carritocompras.CC_Test" name="CC_QA_AgregarProductosAlCarrito" time="0.000">
    <skipped/>
  </testcase> <!-- CC_QA_AgregarProductosAlCarrito -->
  <system-out/>
  <testcase classname="test.java.carritocompras.CC_Test" name="beforeMethodMethod" time="5.701">
    <error message="session not created: This version of ChromeDriver only supports Chrome version 138
Current browser version is 140.0.7339.128 with binary path C:\Program Files\Google\Chrome\Application\chrome.exe
Build info: version: &#039;3.8.1&#039;, revision: &#039;6e95a6684b&#039;, time: &#039;2017-12-01T18:33:54.468Z&#039;
System info: host: &#039;DESKTOP-97H2JQF&#039;, ip: &#039;192.168.10.100&#039;, os.name: &#039;Windows 11&#039;, os.arch: &#039;amd64&#039;, os.version: &#039;10.0&#039;, java.version: &#039;21.0.6&#039;
Driver info: driver.version: ChromeDriver
remote stacktrace: 	GetHandleVerifier [0x0x7ff650a36f75+76917]
	GetHandleVerifier [0x0x7ff650a36fd0+77008]
	(No symbol) [0x0x7ff6507e9dea]
	(No symbol) [0x0x7ff65082e1df]
	(No symbol) [0x0x7ff65082d22b]
	(No symbol) [0x0x7ff650826e2a]
	(No symbol) [0x0x7ff650822675]
	(No symbol) [0x0x7ff650875e9e]
	(No symbol) [0x0x7ff650875630]
	(No symbol) [0x0x7ff650868243]
	(No symbol) [0x0x7ff650831431]
	(No symbol) [0x0x7ff6508321c3]
	GetHandleVerifier [0x0x7ff650d0d2ad+3051437]
	GetHandleVerifier [0x0x7ff650d07903+3028483]
	GetHandleVerifier [0x0x7ff650d2589d+3151261]
	GetHandleVerifier [0x0x7ff650a5183e+185662]
	GetHandleVerifier [0x0x7ff650a596ff+218111]
	GetHandleVerifier [0x0x7ff650a3faf4+112628]
	GetHandleVerifier [0x0x7ff650a3fca9+113065]
	GetHandleVerifier [0x0x7ff650a26c78+10616]
	BaseThreadInitThunk [0x0x7ffbdb25e8d7+23]
	RtlUserThreadStart [0x0x7ffbdc348d9c+44]
" type="org.openqa.selenium.SessionNotCreatedException">
      <![CDATA[org.openqa.selenium.SessionNotCreatedException: session not created: This version of ChromeDriver only supports Chrome version 138
Current browser version is 140.0.7339.128 with binary path C:\Program Files\Google\Chrome\Application\chrome.exe
Build info: version: '3.8.1', revision: '6e95a6684b', time: '2017-12-01T18:33:54.468Z'
System info: host: 'DESKTOP-97H2JQF', ip: '192.168.10.100', os.name: 'Windows 11', os.arch: 'amd64', os.version: '10.0', java.version: '21.0.6'
Driver info: driver.version: ChromeDriver
remote stacktrace: GetHandleVerifier [0x0x7ff650a36f75+76917]
GetHandleVerifier [0x0x7ff650a36fd0+77008]
(No symbol) [0x0x7ff6507e9dea]
(No symbol) [0x0x7ff65082e1df]
(No symbol) [0x0x7ff65082d22b]
(No symbol) [0x0x7ff650826e2a]
(No symbol) [0x0x7ff650822675]
(No symbol) [0x0x7ff650875e9e]
(No symbol) [0x0x7ff650875630]
(No symbol) [0x0x7ff650868243]
(No symbol) [0x0x7ff650831431]
(No symbol) [0x0x7ff6508321c3]
GetHandleVerifier [0x0x7ff650d0d2ad+3051437]
GetHandleVerifier [0x0x7ff650d07903+3028483]
GetHandleVerifier [0x0x7ff650d2589d+3151261]
GetHandleVerifier [0x0x7ff650a5183e+185662]
GetHandleVerifier [0x0x7ff650a596ff+218111]
GetHandleVerifier [0x0x7ff650a3faf4+112628]
GetHandleVerifier [0x0x7ff650a3fca9+113065]
GetHandleVerifier [0x0x7ff650a26c78+10616]
BaseThreadInitThunk [0x0x7ffbdb25e8d7+23]
RtlUserThreadStart [0x0x7ffbdc348d9c+44]

at java.base/jdk.internal.reflect.DirectConstructorHandleAccessor.newInstance(DirectConstructorHandleAccessor.java:62)
at java.base/java.lang.reflect.Constructor.newInstanceWithCaller(Constructor.java:502)
at java.base/java.lang.reflect.Constructor.newInstance(Constructor.java:486)
at org.openqa.selenium.remote.W3CHandshakeResponse.lambda$new$0(W3CHandshakeResponse.java:57)
at org.openqa.selenium.remote.W3CHandshakeResponse.lambda$getResponseFunction$2(W3CHandshakeResponse.java:104)
at org.openqa.selenium.remote.ProtocolHandshake.lambda$createSession$0(ProtocolHandshake.java:123)
at java.base/java.util.stream.ReferencePipeline$3$1.accept(ReferencePipeline.java:197)
at java.base/java.util.Spliterators$ArraySpliterator.tryAdvance(Spliterators.java:1034)
at java.base/java.util.stream.ReferencePipeline.forEachWithCancel(ReferencePipeline.java:129)
at java.base/java.util.stream.AbstractPipeline.copyIntoWithCancel(AbstractPipeline.java:527)
at java.base/java.util.stream.AbstractPipeline.copyInto(AbstractPipeline.java:513)
at java.base/java.util.stream.AbstractPipeline.wrapAndCopyInto(AbstractPipeline.java:499)
at java.base/java.util.stream.FindOps$FindOp.evaluateSequential(FindOps.java:150)
at java.base/java.util.stream.AbstractPipeline.evaluate(AbstractPipeline.java:234)
at java.base/java.util.stream.ReferencePipeline.findFirst(ReferencePipeline.java:647)
at org.openqa.selenium.remote.ProtocolHandshake.createSession(ProtocolHandshake.java:126)
at org.openqa.selenium.remote.ProtocolHandshake.createSession(ProtocolHandshake.java:73)
at org.openqa.selenium.remote.HttpCommandExecutor.execute(HttpCommandExecutor.java:142)
at org.openqa.selenium.remote.service.DriverCommandExecutor.execute(DriverCommandExecutor.java:83)
at org.openqa.selenium.remote.RemoteWebDriver.execute(RemoteWebDriver.java:601)
at org.openqa.selenium.remote.RemoteWebDriver.startSession(RemoteWebDriver.java:219)
at org.openqa.selenium.remote.RemoteWebDriver.<init>(RemoteWebDriver.java:142)
at org.openqa.selenium.chrome.ChromeDriver.<init>(ChromeDriver.java:181)
at org.openqa.selenium.chrome.ChromeDriver.<init>(ChromeDriver.java:168)
at org.openqa.selenium.chrome.ChromeDriver.<init>(ChromeDriver.java:157)
at test.java.GG_BaseTest.setUpDriver(GG_BaseTest.java:154)
at test.java.GG_BaseTest.beforeMethodMethod(GG_BaseTest.java:81)
at java.base/jdk.internal.reflect.DirectMethodHandleAccessor.invoke(DirectMethodHandleAccessor.java:103)
at java.base/java.lang.reflect.Method.invoke(Method.java:580)
at org.testng.internal.MethodInvocationHelper.invokeMethod(MethodInvocationHelper.java:133)
at org.testng.internal.MethodInvocationHelper.invokeMethodConsideringTimeout(MethodInvocationHelper.java:62)
at org.testng.internal.ConfigInvoker.invokeConfigurationMethod(ConfigInvoker.java:385)
at org.testng.internal.ConfigInvoker.invokeConfigurations(ConfigInvoker.java:321)
at org.testng.internal.TestInvoker.runConfigMethods(TestInvoker.java:700)
at org.testng.internal.TestInvoker.invokeMethod(TestInvoker.java:527)
at org.testng.internal.TestInvoker.invokeTestMethod(TestInvoker.java:173)
at org.testng.internal.MethodRunner.runInSequence(MethodRunner.java:46)
at org.testng.internal.TestInvoker$MethodInvocationAgent.invoke(TestInvoker.java:824)
at org.testng.internal.TestInvoker.invokeTestMethods(TestInvoker.java:146)
at org.testng.internal.TestMethodWorker.invokeTestMethods(TestMethodWorker.java:146)
at org.testng.internal.TestMethodWorker.run(TestMethodWorker.java:128)
at java.base/java.util.ArrayList.forEach(ArrayList.java:1596)
at org.testng.TestRunner.privateRun(TestRunner.java:794)
at org.testng.TestRunner.run(TestRunner.java:596)
at org.testng.SuiteRunner.runTest(SuiteRunner.java:377)
at org.testng.SuiteRunner.runSequentially(SuiteRunner.java:371)
at org.testng.SuiteRunner.privateRun(SuiteRunner.java:332)
at org.testng.SuiteRunner.run(SuiteRunner.java:276)
at org.testng.SuiteRunnerWorker.runSuite(SuiteRunnerWorker.java:53)
at org.testng.SuiteRunnerWorker.run(SuiteRunnerWorker.java:96)
at org.testng.TestNG.runSuitesSequentially(TestNG.java:1212)
at org.testng.TestNG.runSuitesLocally(TestNG.java:1134)
at org.testng.TestNG.runSuites(TestNG.java:1063)
at org.testng.TestNG.run(TestNG.java:1031)
at org.apache.maven.surefire.testng.TestNGExecutor.run(TestNGExecutor.java:281)
at org.apache.maven.surefire.testng.TestNGXmlTestSuite.execute(TestNGXmlTestSuite.java:75)
at org.apache.maven.surefire.testng.TestNGProvider.invoke(TestNGProvider.java:121)
at org.apache.maven.surefire.booter.ForkedBooter.invokeProviderInSameClassLoader(ForkedBooter.java:290)
at org.apache.maven.surefire.booter.ForkedBooter.runSuitesInProcess(ForkedBooter.java:242)
at org.apache.maven.surefire.booter.ForkedBooter.main(ForkedBooter.java:121)
]]>
    </error>
  </testcase> <!-- beforeMethodMethod -->
  <system-out/>
</testsuite> <!-- test.java.carritocompras.CC_Test -->
